[Thu Nov 09 15:19:39.861373 2023] [ssl:warn] [pid 1320:tid 416] AH01909: saw:443:0 server certificate does NOT include an ID which matches the server name
[Thu Nov 09 15:19:42.194345 2023] [ssl:warn] [pid 1320:tid 416] AH01909: saw:443:0 server certificate does NOT include an ID which matches the server name
[Thu Nov 09 15:19:44.919703 2023] [ssl:warn] [pid 22032:tid 412] AH01909: saw:443:0 server certificate does NOT include an ID which matches the server name
[Thu Nov 09 15:19:47.240326 2023] [ssl:warn] [pid 22032:tid 412] AH01909: saw:443:0 server certificate does NOT include an ID which matches the server name
[Thu Nov 09 15:21:45.966692 2023] [ssl:warn] [pid 21852:tid 400] AH01909: saw:443:0 server certificate does NOT include an ID which matches the server name
[Thu Nov 09 15:21:48.298775 2023] [ssl:warn] [pid 21852:tid 400] AH01909: saw:443:0 server certificate does NOT include an ID which matches the server name
[Thu Nov 09 15:21:50.962342 2023] [ssl:warn] [pid 2444:tid 412] AH01909: saw:443:0 server certificate does NOT include an ID which matches the server name
[Thu Nov 09 15:21:53.283220 2023] [ssl:warn] [pid 2444:tid 412] AH01909: saw:443:0 server certificate does NOT include an ID which matches the server name
[Thu Nov 09 15:27:03.089298 2023] [ssl:warn] [pid 13356:tid 400] AH01909: saw:443:0 server certificate does NOT include an ID which matches the server name
[Thu Nov 09 15:27:05.414177 2023] [ssl:warn] [pid 13356:tid 400] AH01909: saw:443:0 server certificate does NOT include an ID which matches the server name
[Thu Nov 09 15:27:08.002528 2023] [ssl:warn] [pid 22156:tid 404] AH01909: saw:443:0 server certificate does NOT include an ID which matches the server name
[Thu Nov 09 15:27:10.330207 2023] [ssl:warn] [pid 22156:tid 404] AH01909: saw:443:0 server certificate does NOT include an ID which matches the server name
[Thu Nov 09 15:29:15.273610 2023] [ssl:warn] [pid 20300:tid 424] AH01909: saw:443:0 server certificate does NOT include an ID which matches the server name
[Thu Nov 09 15:29:17.585189 2023] [ssl:warn] [pid 20300:tid 424] AH01909: saw:443:0 server certificate does NOT include an ID which matches the server name
[Thu Nov 09 15:29:20.141561 2023] [ssl:warn] [pid 12172:tid 404] AH01909: saw:443:0 server certificate does NOT include an ID which matches the server name
[Thu Nov 09 15:29:22.462490 2023] [ssl:warn] [pid 12172:tid 404] AH01909: saw:443:0 server certificate does NOT include an ID which matches the server name
[Thu Nov 09 15:31:03.309262 2023] [ssl:warn] [pid 21336:tid 408] AH01909: saw:443:0 server certificate does NOT include an ID which matches the server name
[Thu Nov 09 15:31:05.640752 2023] [ssl:warn] [pid 21336:tid 408] AH01909: saw:443:0 server certificate does NOT include an ID which matches the server name
[Thu Nov 09 15:31:08.197638 2023] [ssl:warn] [pid 3308:tid 412] AH01909: saw:443:0 server certificate does NOT include an ID which matches the server name
[Thu Nov 09 15:31:10.521256 2023] [ssl:warn] [pid 3308:tid 412] AH01909: saw:443:0 server certificate does NOT include an ID which matches the server name
[Thu Nov 09 15:33:10.826016 2023] [ssl:warn] [pid 10796:tid 400] AH01909: saw:443:0 server certificate does NOT include an ID which matches the server name
[Thu Nov 09 15:33:13.155797 2023] [ssl:warn] [pid 10796:tid 400] AH01909: saw:443:0 server certificate does NOT include an ID which matches the server name
[Thu Nov 09 15:33:15.709034 2023] [ssl:warn] [pid 21076:tid 412] AH01909: saw:443:0 server certificate does NOT include an ID which matches the server name
[Thu Nov 09 15:33:18.036188 2023] [ssl:warn] [pid 21076:tid 412] AH01909: saw:443:0 server certificate does NOT include an ID which matches the server name
[Thu Nov 09 15:34:27.716717 2023] [ssl:warn] [pid 10064:tid 412] AH01909: saw:443:0 server certificate does NOT include an ID which matches the server name
[Thu Nov 09 15:34:27.753749 2023] [ssl:warn] [pid 10064:tid 412] AH01909: saw:443:0 server certificate does NOT include an ID which matches the server name
[Thu Nov 09 15:34:28.046501 2023] [ssl:warn] [pid 20752:tid 408] AH01909: saw:443:0 server certificate does NOT include an ID which matches the server name
[Thu Nov 09 15:34:28.080530 2023] [ssl:warn] [pid 20752:tid 408] AH01909: saw:443:0 server certificate does NOT include an ID which matches the server name
[Thu Nov 09 15:53:18.987892 2023] [ssl:warn] [pid 9536:tid 400] AH01909: saw:443:0 server certificate does NOT include an ID which matches the server name
[Thu Nov 09 15:53:19.026425 2023] [ssl:warn] [pid 9536:tid 400] AH01909: saw:443:0 server certificate does NOT include an ID which matches the server name
[Thu Nov 09 15:53:19.282645 2023] [ssl:warn] [pid 492:tid 404] AH01909: saw:443:0 server certificate does NOT include an ID which matches the server name
[Thu Nov 09 15:53:19.316174 2023] [ssl:warn] [pid 492:tid 404] AH01909: saw:443:0 server certificate does NOT include an ID which matches the server name
[Tue Nov 21 14:32:03.587355 2023] [ssl:warn] [pid 7732:tid 308] AH01909: saw:443:0 server certificate does NOT include an ID which matches the server name
[Tue Nov 21 14:32:03.622387 2023] [ssl:warn] [pid 7732:tid 308] AH01909: saw:443:0 server certificate does NOT include an ID which matches the server name
[Tue Nov 21 14:32:03.963762 2023] [ssl:warn] [pid 6028:tid 404] AH01909: saw:443:0 server certificate does NOT include an ID which matches the server name
[Tue Nov 21 14:32:03.994791 2023] [ssl:warn] [pid 6028:tid 404] AH01909: saw:443:0 server certificate does NOT include an ID which matches the server name
[Tue Nov 21 15:01:35.780362 2023] [ssl:warn] [pid 2808:tid 400] AH01909: saw:443:0 server certificate does NOT include an ID which matches the server name
[Tue Nov 21 15:01:35.814393 2023] [ssl:warn] [pid 2808:tid 400] AH01909: saw:443:0 server certificate does NOT include an ID which matches the server name
[Tue Nov 21 15:01:36.084640 2023] [ssl:warn] [pid 24028:tid 404] AH01909: saw:443:0 server certificate does NOT include an ID which matches the server name
[Tue Nov 21 15:01:36.114667 2023] [ssl:warn] [pid 24028:tid 404] AH01909: saw:443:0 server certificate does NOT include an ID which matches the server name
[Tue Nov 21 15:06:09.116224 2023] [ssl:warn] [pid 6696:tid 404] AH01909: saw:443:0 server certificate does NOT include an ID which matches the server name
[Tue Nov 21 15:06:09.149254 2023] [ssl:warn] [pid 6696:tid 404] AH01909: saw:443:0 server certificate does NOT include an ID which matches the server name
[Tue Nov 21 15:06:09.431510 2023] [ssl:warn] [pid 22748:tid 404] AH01909: saw:443:0 server certificate does NOT include an ID which matches the server name
[Tue Nov 21 15:06:09.462539 2023] [ssl:warn] [pid 22748:tid 404] AH01909: saw:443:0 server certificate does NOT include an ID which matches the server name
[Tue Nov 21 19:09:00.698753 2023] [ssl:warn] [pid 24048:tid 404] AH01909: saw:443:0 server certificate does NOT include an ID which matches the server name
[Tue Nov 21 19:09:00.734364 2023] [ssl:warn] [pid 24048:tid 404] AH01909: saw:443:0 server certificate does NOT include an ID which matches the server name
[Tue Nov 21 19:09:01.022627 2023] [ssl:warn] [pid 23588:tid 404] AH01909: saw:443:0 server certificate does NOT include an ID which matches the server name
[Tue Nov 21 19:09:01.056342 2023] [ssl:warn] [pid 23588:tid 404] AH01909: saw:443:0 server certificate does NOT include an ID which matches the server name
[Tue Nov 21 20:07:47.936757 2023] [ssl:warn] [pid 17820:tid 400] AH01909: saw:443:0 server certificate does NOT include an ID which matches the server name
[Tue Nov 21 20:07:47.984802 2023] [ssl:warn] [pid 17820:tid 400] AH01909: saw:443:0 server certificate does NOT include an ID which matches the server name
[Tue Nov 21 20:07:48.297086 2023] [ssl:warn] [pid 3292:tid 416] AH01909: saw:443:0 server certificate does NOT include an ID which matches the server name
[Tue Nov 21 20:07:48.336121 2023] [ssl:warn] [pid 3292:tid 416] AH01909: saw:443:0 server certificate does NOT include an ID which matches the server name
[Wed Nov 22 01:39:15.913174 2023] [ssl:warn] [pid 20012:tid 400] AH01909: saw:443:0 server certificate does NOT include an ID which matches the server name
[Wed Nov 22 01:39:15.960216 2023] [ssl:warn] [pid 20012:tid 400] AH01909: saw:443:0 server certificate does NOT include an ID which matches the server name
[Wed Nov 22 01:39:16.444264 2023] [ssl:warn] [pid 24816:tid 420] AH01909: saw:443:0 server certificate does NOT include an ID which matches the server name
[Wed Nov 22 01:39:16.490306 2023] [ssl:warn] [pid 24816:tid 420] AH01909: saw:443:0 server certificate does NOT include an ID which matches the server name
[Tue Nov 28 09:40:16.940076 2023] [ssl:warn] [pid 7812:tid 312] AH01909: saw:443:0 server certificate does NOT include an ID which matches the server name
[Tue Nov 28 09:40:16.983114 2023] [ssl:warn] [pid 7812:tid 312] AH01909: saw:443:0 server certificate does NOT include an ID which matches the server name
[Tue Nov 28 09:40:17.682751 2023] [ssl:warn] [pid 9552:tid 400] AH01909: saw:443:0 server certificate does NOT include an ID which matches the server name
[Tue Nov 28 09:40:17.726791 2023] [ssl:warn] [pid 9552:tid 400] AH01909: saw:443:0 server certificate does NOT include an ID which matches the server name
[Tue Dec 12 14:39:45.399091 2023] [ssl:warn] [pid 24912:tid 424] AH01909: saw:443:0 server certificate does NOT include an ID which matches the server name
[Tue Dec 12 14:39:45.445133 2023] [ssl:warn] [pid 24912:tid 424] AH01909: saw:443:0 server certificate does NOT include an ID which matches the server name
[Tue Dec 12 14:39:45.980620 2023] [ssl:warn] [pid 17400:tid 400] AH01909: saw:443:0 server certificate does NOT include an ID which matches the server name
[Tue Dec 12 14:39:46.013650 2023] [ssl:warn] [pid 17400:tid 400] AH01909: saw:443:0 server certificate does NOT include an ID which matches the server name
[Tue Dec 12 15:07:02.434713 2023] [ssl:warn] [pid 9840:tid 400] AH01909: saw:443:0 server certificate does NOT include an ID which matches the server name
[Tue Dec 12 15:07:02.470746 2023] [ssl:warn] [pid 9840:tid 400] AH01909: saw:443:0 server certificate does NOT include an ID which matches the server name
[Tue Dec 12 15:07:02.736987 2023] [ssl:warn] [pid 28000:tid 416] AH01909: saw:443:0 server certificate does NOT include an ID which matches the server name
[Tue Dec 12 15:07:02.770018 2023] [ssl:warn] [pid 28000:tid 416] AH01909: saw:443:0 server certificate does NOT include an ID which matches the server name
[Tue Dec 12 16:26:33.518056 2023] [ssl:warn] [pid 28488:tid 400] AH01909: saw:443:0 server certificate does NOT include an ID which matches the server name
[Tue Dec 12 16:26:33.553087 2023] [ssl:warn] [pid 28488:tid 400] AH01909: saw:443:0 server certificate does NOT include an ID which matches the server name
[Tue Dec 12 16:26:33.928433 2023] [ssl:warn] [pid 11792:tid 448] AH01909: saw:443:0 server certificate does NOT include an ID which matches the server name
[Tue Dec 12 16:26:33.960463 2023] [ssl:warn] [pid 11792:tid 448] AH01909: saw:443:0 server certificate does NOT include an ID which matches the server name
[Tue Dec 12 16:42:39.853461 2023] [ssl:warn] [pid 25844:tid 472] AH01909: saw:443:0 server certificate does NOT include an ID which matches the server name
[Tue Dec 12 16:42:39.890936 2023] [ssl:warn] [pid 25844:tid 472] AH01909: saw:443:0 server certificate does NOT include an ID which matches the server name
[Tue Dec 12 16:42:40.165669 2023] [ssl:warn] [pid 28932:tid 428] AH01909: saw:443:0 server certificate does NOT include an ID which matches the server name
[Tue Dec 12 16:42:40.198699 2023] [ssl:warn] [pid 28932:tid 428] AH01909: saw:443:0 server certificate does NOT include an ID which matches the server name
[Thu Dec 28 02:41:19.604987 2023] [ssl:warn] [pid 9780:tid 412] AH01909: saw:443:0 server certificate does NOT include an ID which matches the server name
[Thu Dec 28 02:41:19.642020 2023] [ssl:warn] [pid 9780:tid 412] AH01909: saw:443:0 server certificate does NOT include an ID which matches the server name
[Thu Dec 28 02:41:20.169499 2023] [ssl:warn] [pid 22776:tid 416] AH01909: saw:443:0 server certificate does NOT include an ID which matches the server name
[Thu Dec 28 02:41:20.204532 2023] [ssl:warn] [pid 22776:tid 416] AH01909: saw:443:0 server certificate does NOT include an ID which matches the server name
[Thu Dec 28 03:24:49.531421 2023] [ssl:warn] [pid 19932:tid 408] AH01909: saw:443:0 server certificate does NOT include an ID which matches the server name
[Thu Dec 28 03:24:49.567454 2023] [ssl:warn] [pid 19932:tid 408] AH01909: saw:443:0 server certificate does NOT include an ID which matches the server name
[Thu Dec 28 03:24:50.165760 2023] [ssl:warn] [pid 5948:tid 400] AH01909: saw:443:0 server certificate does NOT include an ID which matches the server name
[Thu Dec 28 03:24:50.199792 2023] [ssl:warn] [pid 5948:tid 400] AH01909: saw:443:0 server certificate does NOT include an ID which matches the server name
[Thu Dec 28 03:33:10.556990 2023] [ssl:warn] [pid 20720:tid 408] AH01909: saw:443:0 server certificate does NOT include an ID which matches the server name
[Thu Dec 28 03:33:10.595025 2023] [ssl:warn] [pid 20720:tid 408] AH01909: saw:443:0 server certificate does NOT include an ID which matches the server name
[Thu Dec 28 03:33:10.889291 2023] [ssl:warn] [pid 22692:tid 408] AH01909: saw:443:0 server certificate does NOT include an ID which matches the server name
[Thu Dec 28 03:33:10.922322 2023] [ssl:warn] [pid 22692:tid 408] AH01909: saw:443:0 server certificate does NOT include an ID which matches the server name
[Thu Dec 28 04:17:16.135693 2023] [ssl:warn] [pid 19600:tid 428] AH01909: saw:443:0 server certificate does NOT include an ID which matches the server name
[Thu Dec 28 04:17:16.173727 2023] [ssl:warn] [pid 19600:tid 428] AH01909: saw:443:0 server certificate does NOT include an ID which matches the server name
[Thu Dec 28 04:17:16.452981 2023] [ssl:warn] [pid 21200:tid 404] AH01909: saw:443:0 server certificate does NOT include an ID which matches the server name
[Thu Dec 28 04:17:16.493017 2023] [ssl:warn] [pid 21200:tid 404] AH01909: saw:443:0 server certificate does NOT include an ID which matches the server name
[Wed Jan 03 01:09:06.542504 2024] [ssl:warn] [pid 7112:tid 312] AH01909: saw:443:0 server certificate does NOT include an ID which matches the server name
[Wed Jan 03 01:09:06.585544 2024] [ssl:warn] [pid 7112:tid 312] AH01909: saw:443:0 server certificate does NOT include an ID which matches the server name
[Wed Jan 03 01:09:07.212231 2024] [ssl:warn] [pid 19620:tid 420] AH01909: saw:443:0 server certificate does NOT include an ID which matches the server name
[Wed Jan 03 01:09:07.250264 2024] [ssl:warn] [pid 19620:tid 420] AH01909: saw:443:0 server certificate does NOT include an ID which matches the server name
[Wed Jan 03 02:52:07.371577 2024] [ssl:warn] [pid 7980:tid 456] AH01909: saw:443:0 server certificate does NOT include an ID which matches the server name
[Wed Jan 03 02:52:07.407611 2024] [ssl:warn] [pid 7980:tid 456] AH01909: saw:443:0 server certificate does NOT include an ID which matches the server name
[Wed Jan 03 02:52:07.812978 2024] [ssl:warn] [pid 23924:tid 400] AH01909: saw:443:0 server certificate does NOT include an ID which matches the server name
[Wed Jan 03 02:52:07.848011 2024] [ssl:warn] [pid 23924:tid 400] AH01909: saw:443:0 server certificate does NOT include an ID which matches the server name
[Wed Jan 03 04:54:25.957955 2024] [ssl:warn] [pid 18616:tid 400] AH01909: saw:443:0 server certificate does NOT include an ID which matches the server name
[Wed Jan 03 04:54:25.995990 2024] [ssl:warn] [pid 18616:tid 400] AH01909: saw:443:0 server certificate does NOT include an ID which matches the server name
[Wed Jan 03 04:54:26.284251 2024] [ssl:warn] [pid 10720:tid 440] AH01909: saw:443:0 server certificate does NOT include an ID which matches the server name
[Wed Jan 03 04:54:26.320285 2024] [ssl:warn] [pid 10720:tid 440] AH01909: saw:443:0 server certificate does NOT include an ID which matches the server name
[Wed Jan 03 14:29:18.737781 2024] [ssl:warn] [pid 24132:tid 408] AH01909: saw:443:0 server certificate does NOT include an ID which matches the server name
[Wed Jan 03 14:29:18.776816 2024] [ssl:warn] [pid 24132:tid 408] AH01909: saw:443:0 server certificate does NOT include an ID which matches the server name
[Wed Jan 03 14:29:19.426405 2024] [ssl:warn] [pid 8292:tid 404] AH01909: saw:443:0 server certificate does NOT include an ID which matches the server name
[Wed Jan 03 14:29:19.463440 2024] [ssl:warn] [pid 8292:tid 404] AH01909: saw:443:0 server certificate does NOT include an ID which matches the server name
[Wed Jan 03 15:32:55.157216 2024] [ssl:warn] [pid 22176:tid 400] AH01909: saw:443:0 server certificate does NOT include an ID which matches the server name
[Wed Jan 03 15:32:55.196973 2024] [ssl:warn] [pid 22176:tid 400] AH01909: saw:443:0 server certificate does NOT include an ID which matches the server name
[Wed Jan 03 15:32:55.489238 2024] [ssl:warn] [pid 25348:tid 404] AH01909: saw:443:0 server certificate does NOT include an ID which matches the server name
[Wed Jan 03 15:32:55.525272 2024] [ssl:warn] [pid 25348:tid 404] AH01909: saw:443:0 server certificate does NOT include an ID which matches the server name
[Wed Jan 03 15:52:35.934680 2024] [ssl:warn] [pid 27576:tid 408] AH01909: saw:443:0 server certificate does NOT include an ID which matches the server name
[Wed Jan 03 15:52:35.983726 2024] [ssl:warn] [pid 27576:tid 408] AH01909: saw:443:0 server certificate does NOT include an ID which matches the server name
[Wed Jan 03 15:52:36.429129 2024] [ssl:warn] [pid 6380:tid 412] AH01909: saw:443:0 server certificate does NOT include an ID which matches the server name
[Wed Jan 03 15:52:36.474170 2024] [ssl:warn] [pid 6380:tid 412] AH01909: saw:443:0 server certificate does NOT include an ID which matches the server name
[Thu Jan 04 19:21:13.791096 2024] [ssl:warn] [pid 17064:tid 408] AH01909: saw:443:0 server certificate does NOT include an ID which matches the server name
[Thu Jan 04 19:21:13.838140 2024] [ssl:warn] [pid 17064:tid 408] AH01909: saw:443:0 server certificate does NOT include an ID which matches the server name
[Thu Jan 04 19:21:14.441689 2024] [ssl:warn] [pid 1640:tid 412] AH01909: saw:443:0 server certificate does NOT include an ID which matches the server name
[Thu Jan 04 19:21:14.480724 2024] [ssl:warn] [pid 1640:tid 412] AH01909: saw:443:0 server certificate does NOT include an ID which matches the server name
[Thu Jan 04 19:49:15.132063 2024] [ssl:warn] [pid 22136:tid 424] AH01909: saw:443:0 server certificate does NOT include an ID which matches the server name
[Thu Jan 04 19:49:15.170098 2024] [ssl:warn] [pid 22136:tid 424] AH01909: saw:443:0 server certificate does NOT include an ID which matches the server name
[Thu Jan 04 19:49:15.511607 2024] [ssl:warn] [pid 20176:tid 400] AH01909: saw:443:0 server certificate does NOT include an ID which matches the server name
[Thu Jan 04 19:49:15.547642 2024] [ssl:warn] [pid 20176:tid 400] AH01909: saw:443:0 server certificate does NOT include an ID which matches the server name
[Fri Jan 05 00:11:18.881459 2024] [ssl:warn] [pid 13952:tid 400] AH01909: saw:443:0 server certificate does NOT include an ID which matches the server name
[Fri Jan 05 00:11:18.949520 2024] [ssl:warn] [pid 13952:tid 400] AH01909: saw:443:0 server certificate does NOT include an ID which matches the server name
[Fri Jan 05 00:11:19.692856 2024] [ssl:warn] [pid 3516:tid 404] AH01909: saw:443:0 server certificate does NOT include an ID which matches the server name
[Fri Jan 05 00:11:19.732894 2024] [ssl:warn] [pid 3516:tid 404] AH01909: saw:443:0 server certificate does NOT include an ID which matches the server name
[Fri Jan 05 16:21:53.934632 2024] [ssl:warn] [pid 17260:tid 400] AH01909: saw:443:0 server certificate does NOT include an ID which matches the server name
[Fri Jan 05 16:21:53.971666 2024] [ssl:warn] [pid 17260:tid 400] AH01909: saw:443:0 server certificate does NOT include an ID which matches the server name
[Fri Jan 05 16:21:54.604632 2024] [ssl:warn] [pid 12428:tid 412] AH01909: saw:443:0 server certificate does NOT include an ID which matches the server name
[Fri Jan 05 16:21:54.638663 2024] [ssl:warn] [pid 12428:tid 412] AH01909: saw:443:0 server certificate does NOT include an ID which matches the server name
[Fri Jan 05 21:04:53.456516 2024] [ssl:warn] [pid 26128:tid 400] AH01909: saw:443:0 server certificate does NOT include an ID which matches the server name
[Fri Jan 05 21:04:53.506565 2024] [ssl:warn] [pid 26128:tid 400] AH01909: saw:443:0 server certificate does NOT include an ID which matches the server name
[Fri Jan 05 21:04:53.906925 2024] [ssl:warn] [pid 17732:tid 432] AH01909: saw:443:0 server certificate does NOT include an ID which matches the server name
[Fri Jan 05 21:04:53.949965 2024] [ssl:warn] [pid 17732:tid 432] AH01909: saw:443:0 server certificate does NOT include an ID which matches the server name
[Fri Jan 05 21:46:53.851083 2024] [ssl:warn] [pid 11424:tid 416] AH01909: saw:443:0 server certificate does NOT include an ID which matches the server name
[Fri Jan 05 21:46:53.893120 2024] [ssl:warn] [pid 11424:tid 416] AH01909: saw:443:0 server certificate does NOT include an ID which matches the server name
[Fri Jan 05 21:46:54.263456 2024] [ssl:warn] [pid 3708:tid 400] AH01909: saw:443:0 server certificate does NOT include an ID which matches the server name
[Fri Jan 05 21:46:54.299489 2024] [ssl:warn] [pid 3708:tid 400] AH01909: saw:443:0 server certificate does NOT include an ID which matches the server name
[Sat Jan 06 02:24:46.023170 2024] [ssl:warn] [pid 24132:tid 416] AH01909: saw:443:0 server certificate does NOT include an ID which matches the server name
[Sat Jan 06 02:24:46.061205 2024] [ssl:warn] [pid 24132:tid 416] AH01909: saw:443:0 server certificate does NOT include an ID which matches the server name
[Sat Jan 06 02:24:46.569470 2024] [ssl:warn] [pid 5612:tid 404] AH01909: saw:443:0 server certificate does NOT include an ID which matches the server name
[Sat Jan 06 02:24:46.603502 2024] [ssl:warn] [pid 5612:tid 404] AH01909: saw:443:0 server certificate does NOT include an ID which matches the server name
[Sat Jan 06 04:43:34.393744 2024] [ssl:warn] [pid 22624:tid 400] AH01909: saw:443:0 server certificate does NOT include an ID which matches the server name
[Sat Jan 06 04:43:34.429776 2024] [ssl:warn] [pid 22624:tid 400] AH01909: saw:443:0 server certificate does NOT include an ID which matches the server name
[Sat Jan 06 04:43:34.930622 2024] [ssl:warn] [pid 5416:tid 404] AH01909: saw:443:0 server certificate does NOT include an ID which matches the server name
[Sat Jan 06 04:43:34.964653 2024] [ssl:warn] [pid 5416:tid 404] AH01909: saw:443:0 server certificate does NOT include an ID which matches the server name
[Sat Jan 06 06:15:26.594820 2024] [ssl:warn] [pid 5232:tid 400] AH01909: saw:443:0 server certificate does NOT include an ID which matches the server name
[Sat Jan 06 06:15:26.632855 2024] [ssl:warn] [pid 5232:tid 400] AH01909: saw:443:0 server certificate does NOT include an ID which matches the server name
[Sat Jan 06 06:15:27.032216 2024] [ssl:warn] [pid 5140:tid 404] AH01909: saw:443:0 server certificate does NOT include an ID which matches the server name
[Sat Jan 06 06:15:27.066248 2024] [ssl:warn] [pid 5140:tid 404] AH01909: saw:443:0 server certificate does NOT include an ID which matches the server name
[Sat Jan 06 07:09:37.035452 2024] [ssl:warn] [pid 5232:tid 400] AH01909: saw:443:0 server certificate does NOT include an ID which matches the server name
[Sat Jan 06 15:50:14.704696 2024] [ssl:warn] [pid 20896:tid 416] AH01909: saw:443:0 server certificate does NOT include an ID which matches the server name
[Sat Jan 06 15:50:14.742730 2024] [ssl:warn] [pid 20896:tid 416] AH01909: saw:443:0 server certificate does NOT include an ID which matches the server name
[Sat Jan 06 15:50:15.429297 2024] [ssl:warn] [pid 21248:tid 412] AH01909: saw:443:0 server certificate does NOT include an ID which matches the server name
[Sat Jan 06 15:50:15.468332 2024] [ssl:warn] [pid 21248:tid 412] AH01909: saw:443:0 server certificate does NOT include an ID which matches the server name
[Sat Jan 06 18:42:50.273928 2024] [ssl:warn] [pid 9964:tid 408] AH01909: saw:443:0 server certificate does NOT include an ID which matches the server name
[Sat Jan 06 18:42:50.310962 2024] [ssl:warn] [pid 9964:tid 408] AH01909: saw:443:0 server certificate does NOT include an ID which matches the server name
[Sat Jan 06 18:42:50.811417 2024] [ssl:warn] [pid 17112:tid 408] AH01909: saw:443:0 server certificate does NOT include an ID which matches the server name
[Sat Jan 06 18:42:50.845447 2024] [ssl:warn] [pid 17112:tid 408] AH01909: saw:443:0 server certificate does NOT include an ID which matches the server name
[Mon Jan 08 14:26:54.794649 2024] [ssl:warn] [pid 21612:tid 400] AH01909: saw:443:0 server certificate does NOT include an ID which matches the server name
[Mon Jan 08 14:26:54.834685 2024] [ssl:warn] [pid 21612:tid 400] AH01909: saw:443:0 server certificate does NOT include an ID which matches the server name
[Mon Jan 08 14:26:55.542191 2024] [ssl:warn] [pid 25828:tid 444] AH01909: saw:443:0 server certificate does NOT include an ID which matches the server name
[Mon Jan 08 14:26:55.576222 2024] [ssl:warn] [pid 25828:tid 444] AH01909: saw:443:0 server certificate does NOT include an ID which matches the server name
[Mon Jan 08 18:20:18.981653 2024] [ssl:warn] [pid 26492:tid 408] AH01909: saw:443:0 server certificate does NOT include an ID which matches the server name
[Mon Jan 08 18:20:19.024692 2024] [ssl:warn] [pid 26492:tid 408] AH01909: saw:443:0 server certificate does NOT include an ID which matches the server name
[Mon Jan 08 18:20:19.569186 2024] [ssl:warn] [pid 21204:tid 408] AH01909: saw:443:0 server certificate does NOT include an ID which matches the server name
[Mon Jan 08 18:20:19.606220 2024] [ssl:warn] [pid 21204:tid 408] AH01909: saw:443:0 server certificate does NOT include an ID which matches the server name
[Mon Jan 08 18:22:18.207270 2024] [php:error] [pid 21204:tid 1888] [client 127.0.0.1:62929] script 'C:/xampp/htdocs/saw/public_html/order_details.php' not found or unable to stat
[Mon Jan 08 18:45:34.845433 2024] [ssl:warn] [pid 5712:tid 404] AH01909: saw:443:0 server certificate does NOT include an ID which matches the server name
[Mon Jan 08 18:45:34.887472 2024] [ssl:warn] [pid 5712:tid 404] AH01909: saw:443:0 server certificate does NOT include an ID which matches the server name
[Mon Jan 08 18:45:35.195752 2024] [ssl:warn] [pid 22804:tid 404] AH01909: saw:443:0 server certificate does NOT include an ID which matches the server name
[Mon Jan 08 18:45:35.231785 2024] [ssl:warn] [pid 22804:tid 404] AH01909: saw:443:0 server certificate does NOT include an ID which matches the server name
[Mon Jan 08 19:05:09.560454 2024] [php:error] [pid 22804:tid 1880] [client 127.0.0.1:49335] script 'C:/xampp/htdocs/saw/public_html/sexo.php' not found or unable to stat
[Mon Jan 08 19:05:11.466750 2024] [php:error] [pid 22804:tid 1880] [client 127.0.0.1:49335] script 'C:/xampp/htdocs/saw/public_html/sexo.php' not found or unable to stat
[Mon Jan 08 19:05:11.577849 2024] [php:error] [pid 22804:tid 1880] [client 127.0.0.1:49335] script 'C:/xampp/htdocs/saw/public_html/sexo.php' not found or unable to stat
[Mon Jan 08 19:05:11.708249 2024] [php:error] [pid 22804:tid 1880] [client 127.0.0.1:49335] script 'C:/xampp/htdocs/saw/public_html/sexo.php' not found or unable to stat
[Mon Jan 08 19:05:11.856383 2024] [php:error] [pid 22804:tid 1880] [client 127.0.0.1:49335] script 'C:/xampp/htdocs/saw/public_html/sexo.php' not found or unable to stat
[Mon Jan 08 19:05:11.955475 2024] [php:error] [pid 22804:tid 1880] [client 127.0.0.1:49335] script 'C:/xampp/htdocs/saw/public_html/sexo.php' not found or unable to stat
[Mon Jan 08 19:05:12.097933 2024] [php:error] [pid 22804:tid 1880] [client 127.0.0.1:49335] script 'C:/xampp/htdocs/saw/public_html/sexo.php' not found or unable to stat
[Mon Jan 08 19:05:12.345158 2024] [php:error] [pid 22804:tid 1880] [client 127.0.0.1:49335] script 'C:/xampp/htdocs/saw/public_html/sexo.php' not found or unable to stat
[Mon Jan 08 19:05:19.246272 2024] [php:error] [pid 22804:tid 1880] [client 127.0.0.1:49358] script 'C:/xampp/htdocs/saw/public_html/order-details.php' not found or unable to stat
[Mon Jan 08 19:05:22.603479 2024] [php:error] [pid 22804:tid 1880] [client 127.0.0.1:49358] script 'C:/xampp/htdocs/saw/public_html/order_details.php' not found or unable to stat
[Tue Jan 09 02:22:25.249671 2024] [ssl:warn] [pid 22156:tid 416] AH01909: saw:443:0 server certificate does NOT include an ID which matches the server name
[Tue Jan 09 02:22:25.288707 2024] [ssl:warn] [pid 22156:tid 416] AH01909: saw:443:0 server certificate does NOT include an ID which matches the server name
[Tue Jan 09 02:22:25.793165 2024] [ssl:warn] [pid 26764:tid 416] AH01909: saw:443:0 server certificate does NOT include an ID which matches the server name
[Tue Jan 09 02:22:25.828197 2024] [ssl:warn] [pid 26764:tid 416] AH01909: saw:443:0 server certificate does NOT include an ID which matches the server name
[Tue Jan 09 02:27:53.798293 2024] [ssl:warn] [pid 18948:tid 400] AH01909: saw:443:0 server certificate does NOT include an ID which matches the server name
[Tue Jan 09 02:27:53.839366 2024] [ssl:warn] [pid 18948:tid 400] AH01909: saw:443:0 server certificate does NOT include an ID which matches the server name
[Tue Jan 09 02:27:54.124625 2024] [ssl:warn] [pid 8344:tid 408] AH01909: saw:443:0 server certificate does NOT include an ID which matches the server name
[Tue Jan 09 02:27:54.158656 2024] [ssl:warn] [pid 8344:tid 408] AH01909: saw:443:0 server certificate does NOT include an ID which matches the server name
[Tue Jan 09 17:12:26.916343 2024] [ssl:warn] [pid 2788:tid 400] AH01909: saw:443:0 server certificate does NOT include an ID which matches the server name
[Tue Jan 09 17:12:26.957380 2024] [ssl:warn] [pid 2788:tid 400] AH01909: saw:443:0 server certificate does NOT include an ID which matches the server name
[Tue Jan 09 17:12:27.511884 2024] [ssl:warn] [pid 2196:tid 400] AH01909: saw:443:0 server certificate does NOT include an ID which matches the server name
[Tue Jan 09 17:12:27.547916 2024] [ssl:warn] [pid 2196:tid 400] AH01909: saw:443:0 server certificate does NOT include an ID which matches the server name
[Fri Jan 12 10:32:34.025816 2024] [ssl:warn] [pid 22828:tid 196] AH01909: saw:443:0 server certificate does NOT include an ID which matches the server name
[Fri Jan 12 10:32:34.063851 2024] [ssl:warn] [pid 22828:tid 196] AH01909: saw:443:0 server certificate does NOT include an ID which matches the server name
[Fri Jan 12 10:32:34.590330 2024] [ssl:warn] [pid 21880:tid 400] AH01909: saw:443:0 server certificate does NOT include an ID which matches the server name
[Fri Jan 12 10:32:34.626362 2024] [ssl:warn] [pid 21880:tid 400] AH01909: saw:443:0 server certificate does NOT include an ID which matches the server name
[Wed Jan 17 16:04:35.779724 2024] [ssl:warn] [pid 1068:tid 428] AH01909: saw:443:0 server certificate does NOT include an ID which matches the server name
[Wed Jan 17 16:04:35.816757 2024] [ssl:warn] [pid 1068:tid 428] AH01909: saw:443:0 server certificate does NOT include an ID which matches the server name
[Wed Jan 17 16:04:36.364336 2024] [ssl:warn] [pid 20360:tid 428] AH01909: saw:443:0 server certificate does NOT include an ID which matches the server name
[Wed Jan 17 16:04:36.398367 2024] [ssl:warn] [pid 20360:tid 428] AH01909: saw:443:0 server certificate does NOT include an ID which matches the server name
[Thu Jan 18 16:48:38.511258 2024] [ssl:warn] [pid 21308:tid 444] AH01909: saw:443:0 server certificate does NOT include an ID which matches the server name
[Thu Jan 18 16:48:38.550292 2024] [ssl:warn] [pid 21308:tid 444] AH01909: saw:443:0 server certificate does NOT include an ID which matches the server name
[Thu Jan 18 16:48:39.108327 2024] [ssl:warn] [pid 30624:tid 432] AH01909: saw:443:0 server certificate does NOT include an ID which matches the server name
[Thu Jan 18 16:48:39.151367 2024] [ssl:warn] [pid 30624:tid 432] AH01909: saw:443:0 server certificate does NOT include an ID which matches the server name
[Sun Jan 21 03:58:41.544624 2024] [ssl:warn] [pid 22620:tid 428] AH01909: saw:443:0 server certificate does NOT include an ID which matches the server name
[Sun Jan 21 03:58:41.593669 2024] [ssl:warn] [pid 22620:tid 428] AH01909: saw:443:0 server certificate does NOT include an ID which matches the server name
[Sun Jan 21 03:58:42.248263 2024] [ssl:warn] [pid 12356:tid 428] AH01909: saw:443:0 server certificate does NOT include an ID which matches the server name
[Sun Jan 21 03:58:42.285297 2024] [ssl:warn] [pid 12356:tid 428] AH01909: saw:443:0 server certificate does NOT include an ID which matches the server name
[Sun Jan 21 04:43:43.627793 2024] [ssl:warn] [pid 21132:tid 428] AH01909: saw:443:0 server certificate does NOT include an ID which matches the server name
[Sun Jan 21 04:43:43.665829 2024] [ssl:warn] [pid 21132:tid 428] AH01909: saw:443:0 server certificate does NOT include an ID which matches the server name
[Sun Jan 21 04:43:43.947083 2024] [ssl:warn] [pid 3864:tid 428] AH01909: saw:443:0 server certificate does NOT include an ID which matches the server name
[Sun Jan 21 04:43:43.980114 2024] [ssl:warn] [pid 3864:tid 428] AH01909: saw:443:0 server certificate does NOT include an ID which matches the server name
[Sun Jan 21 15:02:19.174664 2024] [ssl:warn] [pid 14984:tid 440] AH01909: saw:443:0 server certificate does NOT include an ID which matches the server name
[Sun Jan 21 15:02:19.213698 2024] [ssl:warn] [pid 14984:tid 440] AH01909: saw:443:0 server certificate does NOT include an ID which matches the server name
[Sun Jan 21 15:02:19.975879 2024] [ssl:warn] [pid 13836:tid 428] AH01909: saw:443:0 server certificate does NOT include an ID which matches the server name
[Sun Jan 21 15:02:20.009909 2024] [ssl:warn] [pid 13836:tid 428] AH01909: saw:443:0 server certificate does NOT include an ID which matches the server name
[Sun Jan 21 16:43:06.544891 2024] [ssl:warn] [pid 3164:tid 428] AH01909: saw:443:0 server certificate does NOT include an ID which matches the server name
[Sun Jan 21 16:43:06.579923 2024] [ssl:warn] [pid 3164:tid 428] AH01909: saw:443:0 server certificate does NOT include an ID which matches the server name
[Sun Jan 21 16:43:06.871188 2024] [ssl:warn] [pid 23700:tid 448] AH01909: saw:443:0 server certificate does NOT include an ID which matches the server name
[Sun Jan 21 16:43:06.906219 2024] [ssl:warn] [pid 23700:tid 448] AH01909: saw:443:0 server certificate does NOT include an ID which matches the server name
[Sun Jan 21 17:37:18.015323 2024] [ssl:warn] [pid 19448:tid 448] AH01909: saw:443:0 server certificate does NOT include an ID which matches the server name
[Sun Jan 21 17:37:18.053031 2024] [ssl:warn] [pid 19448:tid 448] AH01909: saw:443:0 server certificate does NOT include an ID which matches the server name
[Sun Jan 21 17:37:18.337288 2024] [ssl:warn] [pid 20664:tid 432] AH01909: saw:443:0 server certificate does NOT include an ID which matches the server name
[Sun Jan 21 17:37:18.371319 2024] [ssl:warn] [pid 20664:tid 432] AH01909: saw:443:0 server certificate does NOT include an ID which matches the server name
